<?xml version="1.0" encoding="UTF-8"?>
<!-- Generated by org.testng.reporters.JUnitXMLReporter -->
<testsuite ignored="0" hostname="Mayanks-MacBook-Pro.local" failures="0" tests="3" name="CartPageTest" time="18.111" errors="0" timestamp="2024-09-14T19:00:51 IST">
  <testcase classname="com.SwagLabs.TestCases.CartPageTest" name="validateRemove" time="0.19"/>
  <testcase classname="com.SwagLabs.TestCases.CartPageTest" name="validateCntShopping" time="5.252"/>
  <testcase classname="com.SwagLabs.TestCases.CartPageTest" name="validateCheckout" time="1.694"/>
</testsuite> <!-- CartPageTest -->
