<?xml version="1.0" encoding="UTF-8"?>
<!-- Generated by org.testng.reporters.JUnitXMLReporter -->
<testsuite ignored="8" hostname="Mayanks-MacBook-Pro.local" failures="0" tests="10" name="Test" time="8.221" errors="0" timestamp="2024-09-14T18:50:17 IST">
  <testcase classname="com.SwagLabs.TestCases.CartPageTest" name="@BeforeTest pageSetup" time="0.009">
    <failure type="java.lang.NullPointerException" message="Cannot invoke &amp;quot;com.SwagLabs.Utility.PropertiesReader.getData(String)&amp;quot; because &amp;quot;this.prop&amp;quot; is null">
      <![CDATA[java.lang.NullPointerException: Cannot invoke "com.SwagLabs.Utility.PropertiesReader.getData(String)" because "this.prop" is null
at com.SwagLabs.TestCases.CartPageTest.pageSetup(CartPageTest.java:13)
... Removed 22 stack frames]]>
    </failure>
  </testcase> <!-- @BeforeTest pageSetup -->
  <testcase classname="com.SwagLabs.TestCases.CheckoutPageTest" name="@BeforeTest pageSetup" time="0.0">
    <skipped/>
  </testcase> <!-- @BeforeTest pageSetup -->
  <testcase classname="com.SwagLabs.TestCases.InventoryPageTest" name="@BeforeClass pageSetup" time="0.0">
    <skipped/>
  </testcase> <!-- @BeforeClass pageSetup -->
  <testcase classname="com.SwagLabs.TestCases.OverviewPageTest" name="@BeforeMethod pageSetup" time="0.0">
    <skipped/>
  </testcase> <!-- @BeforeMethod pageSetup -->
  <testcase classname="com.SwagLabs.baseTest.BaseTest" name="@AfterTest tearDown" time="0.0">
    <skipped/>
  </testcase> <!-- @AfterTest tearDown -->
  <testcase classname="com.SwagLabs.TestCases.LoginPageTest" name="validateLogin" time="0.0">
    <skipped/>
  </testcase> <!-- validateLogin -->
  <testcase classname="com.SwagLabs.TestCases.InventoryPageTest" name="validateProductCount" time="0.0">
    <skipped/>
  </testcase> <!-- validateProductCount -->
  <testcase classname="com.SwagLabs.TestCases.InventoryPageTest" name="validateProdutDetails" time="0.0">
    <skipped/>
  </testcase> <!-- validateProdutDetails -->
  <testcase classname="com.SwagLabs.TestCases.InventoryPageTest" name="validateAddtoCart" time="0.0">
    <skipped/>
  </testcase> <!-- validateAddtoCart -->
  <testcase classname="com.SwagLabs.TestCases.InventoryPageTest" name="gotoCartpage" time="0.0">
    <skipped/>
  </testcase> <!-- gotoCartpage -->
  <testcase classname="com.SwagLabs.TestCases.CartPageTest" name="validateRemove" time="0.0">
    <skipped/>
  </testcase> <!-- validateRemove -->
  <testcase classname="com.SwagLabs.TestCases.CartPageTest" name="validateCntShopping" time="0.0">
    <skipped/>
  </testcase> <!-- validateCntShopping -->
  <testcase classname="com.SwagLabs.TestCases.CartPageTest" name="validateCheckout" time="0.0">
    <skipped/>
  </testcase> <!-- validateCheckout -->
  <testcase classname="com.SwagLabs.TestCases.CheckoutPageTest" name="validateDetails" time="0.001">
    <skipped/>
  </testcase> <!-- validateDetails -->
  <testcase classname="com.SwagLabs.TestCases.OverviewPageTest" name="validateFinish" time="0.0">
    <skipped/>
  </testcase> <!-- validateFinish -->
  <testcase classname="com.SwagLabs.baseTest.BaseTest" name="@AfterTest tearDown" time="0.0">
    <ignored/>
  </testcase> <!-- @AfterTest tearDown -->
  <testcase classname="com.SwagLabs.baseTest.BaseTest" name="@AfterTest tearDown" time="0.0">
    <ignored/>
  </testcase> <!-- @AfterTest tearDown -->
  <testcase classname="com.SwagLabs.baseTest.BaseTest" name="@AfterTest tearDown" time="0.0">
    <ignored/>
  </testcase> <!-- @AfterTest tearDown -->
  <testcase classname="com.SwagLabs.baseTest.BaseTest" name="@BeforeTest setUp" time="0.0">
    <ignored/>
  </testcase> <!-- @BeforeTest setUp -->
  <testcase classname="com.SwagLabs.baseTest.BaseTest" name="@BeforeTest setUp" time="0.0">
    <ignored/>
  </testcase> <!-- @BeforeTest setUp -->
  <testcase classname="com.SwagLabs.baseTest.BaseTest" name="@BeforeTest setUp" time="0.0">
    <ignored/>
  </testcase> <!-- @BeforeTest setUp -->
  <testcase classname="com.SwagLabs.baseTest.BaseTest" name="@BeforeTest setUp" time="0.0">
    <ignored/>
  </testcase> <!-- @BeforeTest setUp -->
  <testcase classname="com.SwagLabs.baseTest.BaseTest" name="@AfterTest tearDown" time="0.0">
    <ignored/>
  </testcase> <!-- @AfterTest tearDown -->
</testsuite> <!-- Test -->
